[2025-12-04 23:52:23] === AJAX REQUEST START ===
[2025-12-04 23:52:23] Session OK - User ID: 37
[2025-12-04 23:52:23] Input raw: 
[2025-12-04 23:52:23] ERROR: Input kosong
[2025-12-04 23:52:23] === AJAX REQUEST START ===
[2025-12-04 23:52:23] Session OK - User ID: 37
[2025-12-04 23:52:23] Input raw: {"user_id":"1","upload_speed":"100","download_speed":"200","daily_upload":"500","daily_download":"1000"}
[2025-12-04 23:52:23] JSON decoded: Array
(
    [user_id] => 1
    [upload_speed] => 100
    [download_speed] => 200
    [daily_upload] => 500
    [daily_download] => 1000
)

[2025-12-04 23:52:23] Data to update: user_id=1, upload=100, download=200
[2025-12-04 23:52:23] ERROR: File tidak ditemukan - Koneksi.php
[2025-12-04 23:52:23] GENERAL ERROR: File Koneksi.php tidak ditemukan in C:\xampp\htdocs\LintangCloud-V7\ajax_bandwidth.php:89
[2025-12-04 23:52:23] === AJAX REQUEST END ===

[2025-12-04 23:52:23] === AJAX REQUEST START ===
[2025-12-04 23:52:23] Session OK - User ID: 37
[2025-12-04 23:52:23] Input raw: {"user_id":"23","upload_speed":"2","download_speed":"4","daily_upload":"50","daily_download":"100"}
[2025-12-04 23:52:23] JSON decoded: Array
(
    [user_id] => 23
    [upload_speed] => 2
    [download_speed] => 4
    [daily_upload] => 50
    [daily_download] => 100
)

[2025-12-04 23:52:23] Data to update: user_id=23, upload=2, download=4
[2025-12-04 23:52:23] ERROR: File tidak ditemukan - Koneksi.php
[2025-12-04 23:52:23] GENERAL ERROR: File Koneksi.php tidak ditemukan in C:\xampp\htdocs\LintangCloud-V7\ajax_bandwidth.php:89
[2025-12-04 23:52:23] === AJAX REQUEST END ===

